{
  "RSpec": {
    "coverage": {
      "/home/candescent-method-1839/tic-tac-toe-rb-ruby-apply-000/lib/tic_tac_toe.rb": [
        null,
        1,
        151,
        null,
        null,
        1,
        12,
        31,
        null,
        7,
        7,
        7,
        0,
        0,
        null,
        null,
        null,
        null,
        12,
        4,
        4,
        null,
        null,
        null,
        null,
        null,
        null,
        null,
        null,
        1,
        null,
        null,
        null,
        null,
        null,
        null,
        null,
        null,
        1,
        49,
        127,
        null,
        49,
        6,
        null,
        null,
        null,
        43,
        233,
        233,
        233,
        233,
        233,
        233,
        233,
        23,
        0,
        null,
        null,
        null,
        null,
        null,
        1,
        30,
        30,
        30,
        124,
        22,
        null,
        102,
        null,
        8,
        null,
        null,
        1,
        22,
        5,
        null,
        17,
        null,
        null,
        null,
        1,
        61,
        11,
        1,
        null,
        null,
        10,
        6,
        null,
        null,
        4,
        4,
        null,
        null,
        null,
        1,
        6,
        6,
        null,
        null,
        5,
        null,
        null,
        null,
        1,
        10,
        10,
        90,
        9,
        null,
        null,
        10,
        null,
        null,
        1,
        1,
        1,
        0,
        null,
        1,
        null,
        null,
        null,
        1,
        12,
        0,
        null,
        12,
        1,
        null,
        11,
        9,
        null,
        null,
        null,
        null,
        1,
        24,
        24,
        24,
        24,
        24,
        null,
        null,
        1,
        null,
        9,
        9,
        9,
        9,
        8,
        6,
        null,
        null,
        2,
        null,
        null,
        8,
        null,
        1,
        1,
        1,
        null,
        null,
        null,
        null,
        1,
        13,
        13,
        null,
        null,
        null,
        1,
        11,
        11,
        null,
        null
      ]
    },
    "timestamp": 1594487984
  }
}
