{
  "RSpec": {
    "coverage": {
      "/home/candescent-method-1839/tic-tac-toe-rb-ruby-apply-000/lib/tic_tac_toe.rb": [
        null,
        1,
        193,
        null,
        null,
        1,
        12,
        41,
        17,
        null,
        12,
        5,
        5,
        null,
        12,
        3,
        null,
        null,
        null,
        null,
        null,
        1,
        null,
        null,
        null,
        null,
        null,
        null,
        null,
        null,
        1,
        68,
        130,
        null,
        68,
        4,
        null,
        null,
        null,
        64,
        403,
        403,
        403,
        403,
        403,
        403,
        403,
        27,
        0,
        null,
        null,
        null,
        null,
        null,
        1,
        29,
        29,
        29,
        146,
        20,
        null,
        126,
        null,
        9,
        null,
        null,
        1,
        28,
        7,
        null,
        21,
        null,
        null,
        null,
        1,
        113,
        21,
        21,
        9,
        null,
        null,
        21,
        10,
        null,
        null,
        21,
        null,
        null,
        1,
        7,
        7,
        null,
        null,
        6,
        null,
        null,
        null,
        1,
        20,
        20,
        180,
        31,
        null,
        null,
        20,
        null,
        null,
        1,
        1,
        1,
        0,
        null,
        1,
        null,
        null,
        null,
        1,
        22,
        0,
        null,
        22,
        1,
        null,
        21,
        19,
        null,
        null,
        null,
        null,
        1,
        44,
        44,
        44,
        44,
        44,
        null,
        null,
        1,
        null,
        19,
        19,
        19,
        19,
        18,
        12,
        null,
        null,
        6,
        null,
        null,
        18,
        null,
        1,
        1,
        1,
        null,
        null,
        null,
        null,
        1,
        23,
        23,
        null,
        null,
        null,
        1,
        21,
        21,
        null,
        null
      ]
    },
    "timestamp": 1594489085
  }
}
